<?xml version="1.0" encoding="UTF-8"?>
<!-- Generated by org.testng.reporters.JUnitXMLReporter -->
<testsuite ignored="8" hostname="DESKTOP-4R95PB0" failures="0" tests="5" name="LoginTest" time="44.827" errors="0" timestamp="31 Mar 2021 10:59:29 GMT">
  <testcase classname="testcases.Login" name="loginApp" time="4.375"/>
  <testcase classname="testcases.QuestionBank" name="addquestion" time="4.809"/>
  <testcase classname="testcases.Addquestion" name="addDetails" time="6.186"/>
  <testcase classname="testcases.AddquestionDetails" name="addQuestionDetails" time="28.619"/>
  <testcase classname="testcases.Vocabulary" name="Submit" time="0.051"/>
  <testcase classname="testcases.BaseClass" name="@AfterSuite teardown" time="0.0">
    <ignored/>
  </testcase> <!-- @AfterSuite teardown -->
  <testcase classname="testcases.BaseClass" name="@AfterSuite teardown" time="0.0">
    <ignored/>
  </testcase> <!-- @AfterSuite teardown -->
  <testcase classname="testcases.BaseClass" name="@AfterSuite teardown" time="0.0">
    <ignored/>
  </testcase> <!-- @AfterSuite teardown -->
  <testcase classname="testcases.BaseClass" name="@AfterSuite teardown" time="0.0">
    <ignored/>
  </testcase> <!-- @AfterSuite teardown -->
  <testcase classname="testcases.BaseClass" name="@BeforeSuite openApplication" time="0.0">
    <ignored/>
  </testcase> <!-- @BeforeSuite openApplication -->
  <testcase classname="testcases.BaseClass" name="@BeforeSuite openApplication" time="0.0">
    <ignored/>
  </testcase> <!-- @BeforeSuite openApplication -->
  <testcase classname="testcases.BaseClass" name="@BeforeSuite openApplication" time="0.0">
    <ignored/>
  </testcase> <!-- @BeforeSuite openApplication -->
  <testcase classname="testcases.BaseClass" name="@BeforeSuite openApplication" time="0.0">
    <ignored/>
  </testcase> <!-- @BeforeSuite openApplication -->
</testsuite> <!-- LoginTest -->
