<?xml version="1.0" encoding="UTF-8"?>
<!-- Generated by org.testng.reporters.JUnitXMLReporter -->
<testsuite ignored="0" hostname="DESKTOP-4R95PB0" failures="1" tests="3" name="Test" time="11.47" errors="0" timestamp="20 Jun 2021 19:55:00 GMT">
  <testcase classname="extent.Test1" name="getgoogle" time="3.5"/>
  <testcase classname="extent.Test2" name="getgmail" time="4.203"/>
  <testcase classname="extent.Test3" name="getfacebook" time="3.524">
    <failure type="java.lang.AssertionError" message="expected [Facebook - लॉग इन या साइन अप करें] but found [Google]">
      <![CDATA[java.lang.AssertionError: expected [Facebook - लॉग इन या साइन अप करें] but found [Google]
at extent.Test3.getfacebook(Test3.java:23)
... Removed 31 stack frames]]>
    </failure>
  </testcase> <!-- getfacebook -->
</testsuite> <!-- Test -->
